[2021-07-03 21:15:42] user ana_costa@test.com fail logged in from ::1
[2021-07-03 21:18:34] user ana_costa@test.com fail logged in from ::1
[2021-07-03 21:37:27] user ana_costa@test.com fail logged in from ::1
[2021-07-03 22:48:13] user fggg@rthrth.com fail logged in from ::1
[2021-07-03 22:49:48] user wdfwfw@uhgh.com fail logged in from ::1
[2021-07-03 22:50:19] user ana_costa@test.com fail logged in from ::1
[2021-07-03 22:54:08] user ana_costa@test.com logged in from ::1
[2021-07-03 23:00:23] user ana_costa@test.com logged in from ::1
[2021-07-03 23:02:53] user ana_costa@test.com logged in from ::1
[2021-07-03 23:24:24] user ana_costa@test.com logged in from ::1
[2021-07-04 15:05:26] user ana_costa@test.com logged in from ::1
[2021-07-04 15:12:39] user ana_costa@test.com logged in from ::1
[2021-07-04 15:50:57] user ana_costa@test.com logged in from ::1
[2021-07-04 15:55:18] user ana_costa@test.com logged in from ::1
[2021-07-04 16:56:13] user ana_costa@test.com logged in from ::1
[2021-07-04 16:57:39] user ana_costa@test.com logged in from ::1
[2021-07-04 17:38:37] user ana_costa@test.gmail fail logged in from ::1
[2021-07-04 17:47:50] user ana@test fail logged in from ::1
[2021-07-04 17:48:54] user ana_costa@test.com logged in from ::1
[2021-07-04 17:49:21] user ana_costa@test.com logged in from ::1
[2021-07-04 17:49:55] user ana@test.com fail logged in from ::1
[2021-07-04 17:50:35] user ana_costa@com fail logged in from ::1
[2021-07-04 17:50:54] user ana_costa@test.com logged in from ::1
[2021-07-04 18:32:02] user ana_costa@test.com logged in from ::1
[2021-07-04 18:32:53] user ana_costa@test.com logged in from ::1
[2021-07-04 18:34:19] user ana_costa@test.com logged in from ::1
[2021-07-04 18:35:25] user ana_costa@test.com logged in from ::1
[2021-07-04 18:36:33] user ana_costa@test.com logged in from ::1
[2021-07-04 18:37:13] user ana_costa@test.com logged in from ::1
[2021-07-04 18:38:38] user ana_costa@test.com logged in from ::1
[2021-07-04 18:38:40] user ana_costa@test.com logged in from ::1
[2021-07-04 18:39:21] user ana_costa@test.com logged in from ::1
[2021-07-04 18:52:07] user ana_costa@test.com logged in from ::1
[2021-07-04 18:53:07] user ana_costa@test.com logged in from ::1
[2021-07-04 18:53:40] user ana_costa@test.com logged in from ::1
[2021-07-04 18:55:00] user ana_costa@test.com logged in from ::1
[2021-07-04 20:04:52] user ana_costa@test.com logged in from ::1
[2021-07-04 20:27:40] user ana_costa@test.com logged in from ::1
[2021-07-04 20:58:45] user ana_costa@test.com logged in from ::1
[2021-07-04 21:00:50] user ana_costa@test.com logged in from ::1
[2021-07-04 21:03:00] user ana_costa@test.com logged in from ::1
[2021-07-04 21:05:49] user ana_costa@test.com logged in from ::1
[2021-07-04 21:10:26] user ana_costa@test.com logged in from ::1
[2021-07-04 21:44:30] user ana_costa@test.com logged in from ::1
[2021-07-04 21:46:31] user ana_costa@test.com logged in from ::1
[2021-07-04 21:48:01] user ana_costa@test.com logged in from ::1
[2021-07-04 21:52:59] user ana_costa@test.com logged in from ::1
[2021-07-04 21:53:40] user ana_costa@test.com logged in from ::1
[2021-07-04 21:53:59] user ana_costa@test.com logged in from ::1
[2021-07-04 21:56:14] user ana_costa@test.com logged in from ::1
[2021-07-04 22:00:54] user ana_costa@test.com logged in from ::1
[2021-07-04 22:01:34] user ana_costa@test.com logged in from ::1
[2021-07-04 22:02:00] user ana_costa@test.com logged in from ::1
[2021-07-04 22:02:36] user ana_costa@test.com logged in from ::1
[2021-07-04 22:05:45] user ana_costa@test.com logged in from ::1
[2021-07-04 22:06:17] user ana_costa@test.com logged in from ::1
[2021-07-04 22:08:15] user ana_costa@test.com logged in from ::1
[2021-07-04 22:12:21] user ana_costa@test.com logged in from ::1
[2021-07-04 22:15:01] user ana_costa fail logged in from ::1
[2021-07-04 22:23:24] user daffa@gfdsg-com fail logged in from ::1
[2021-07-04 22:23:31] user daffa@gfdsg.com fail logged in from ::1
[2021-07-04 22:24:33] user ana_costasgsgsr@sdgvdsag-com fail logged in from ::1
[2021-07-04 22:26:07] user ana_costasgsgsr@sdgvdsag-com fail logged in from ::1
[2021-07-04 22:28:03] user scadf@sawda.dewedwq fail logged in from ::1
[2021-07-04 22:28:36] user s fail logged in from ::1
[2021-07-04 22:32:10] user ana_costa@test.com logged in from ::1
[2021-07-04 22:32:21] user ana_costa@test.com logged in from ::1
[2021-07-04 22:33:20] user ana_costa@test.com logged in from ::1
[2021-07-04 22:34:00] user ana_costa@test.com logged in from ::1
[2021-07-04 22:34:45] user ana_costa@test.com logged in from ::1
[2021-07-04 22:35:30] user wdwa fail logged in from ::1
[2021-07-04 22:35:50] user ana_costa@test.com logged in from ::1
[2021-07-04 22:36:12] user ana_costa@test.com fail logged in from ::1
[2021-07-04 22:36:16] user ana_costa@test.com logged in from ::1
[2021-07-04 22:37:59] user ana_costa@test.com logged in from ::1
[2021-07-04 22:50:20] user faffa@dfvadf.com fail logged in from ::1
[2021-07-04 22:50:39] user ana_costa@test.com logged in from ::1
[2021-07-07 09:37:08] user ana_costa@test.com logged in from ::1
[2021-07-07 13:59:14] user ana_costa@test.com logged in from ::1
[2021-07-07 14:36:00] user ana_costa@test.com logged in from ::1
[2021-07-07 17:23:14] user ana_costa@test.com logged in from ::1
[2021-07-07 18:41:47] user ana_costa@test.com logged in from ::1
[2021-07-07 18:51:26] user ana_costa@test.com logged in from ::1
[2021-07-07 18:53:56] user ana_costa@test.com logged in from ::1
[2021-07-08 11:24:04] user ana_costa@test.com logged in from ::1
[2021-07-08 11:26:54] user ana_costa@test.com logged in from ::1
[2021-07-08 11:27:54] user ana_costa@test.com logged in from ::1
[2021-07-08 11:29:36] user ana_costa@test.com logged in from ::1
[2021-07-08 11:30:18] user ana_costa@test.com logged in from ::1
[2021-07-08 11:30:54] user ana_costa@test.com logged in from ::1
[2021-07-08 14:37:45] user dasd fail logged in from ::1
[2021-07-08 15:04:28] user aa fail logged in from ::1
[2021-07-08 15:04:56] user ana_costa@test.com logged in from ::1
[2021-07-08 15:05:07] user ana_costa@test.com logged in from ::1
[2021-07-08 15:06:55] user ana_costa@test.com logged in from ::1
[2021-07-08 15:10:19] user axsa fail logged in from ::1
[2021-07-08 15:10:37] user ana_costa@test.com logged in from ::1
[2021-07-08 15:11:20] user ana_costa@test.com logged in from ::1
[2021-07-08 15:12:09] user ana_costa@test.com logged in from ::1
[2021-07-08 15:15:36] user ana_costa@test.com logged in from ::1
[2021-07-08 15:24:31] user ana_costa@test.com logged in from ::1
[2021-07-08 16:03:49] user ana_costa@test.com logged in from ::1
[2021-07-08 16:12:45] user ana_Costa@test.com logged in from ::1
[2021-07-08 21:44:27] user ana_costa@test.com logged in from ::1
[2021-07-08 21:54:41] user ana_costa@test.com logged in from ::1
[2021-07-08 21:59:05] user ana_costa@test.com fail logged in from ::1
[2021-07-08 21:59:11] user ana_costa@test.com logged in from ::1
[2021-07-08 22:03:08] user ana_costa@teste.com fail logged in from ::1
[2021-07-08 22:03:14] user ana_costa@test.com logged in from ::1
[2021-07-08 22:58:54] user ana_costa@test.com logged in from ::1
[2021-07-08 23:01:06] user ana_costa@test.com logged in from ::1
[2021-07-12 17:45:50] user ana_costa@test.com logged in from ::1
[2021-07-12 20:55:21] user ana_costa@test.com logged in from ::1
[2021-07-13 00:19:41] user ana_costa@test.com logged in from ::1
[2021-07-13 11:05:44] user ana_costa@test.com logged in from ::1
[2021-07-13 11:14:23] user ana_costa@test.com logged in from ::1
[2021-07-13 11:16:25] user ana_costa@test.com logged in from ::1
[2021-07-13 11:28:52] user ana_costa@test.com logged in from ::1
[2021-07-13 11:30:45] user ana_costa@test.com logged in from ::1
[2021-07-13 11:33:03] user ana_costa@test.com logged in from ::1
[2021-07-13 12:09:13] user ana_costa@test.com logged in from ::1
[2021-07-13 12:18:06] user ana_costa@test.com logged in from ::1
[2021-07-13 12:25:59] user ana_costa@test.com logged in from ::1
[2021-07-13 12:28:35] user ana_costa@test.com logged in from ::1
[2021-07-13 12:29:44] user ana_costa@test.com logged in from ::1
[2021-07-13 12:30:32] user ana_costa@test.com logged in from ::1
[2021-07-13 12:39:26] user ana_costa@test.com logged in from ::1
[2021-07-13 12:43:03] user ana_costa@test.com logged in from ::1
[2021-07-13 12:46:14] user ana_costa@test.com logged in from ::1
[2021-07-13 13:15:34] user ana_costa@test.com logged in from ::1
[2021-07-13 13:21:43] user ana_costa@test.com logged in from ::1
[2021-07-13 13:27:43] user ana_costa@test.com logged in from ::1
[2021-07-13 13:28:51] user ana_costa@test.com logged in from ::1
[2021-07-13 13:39:29] user ana_costa@teste.com fail logged in from ::1
[2021-07-13 13:39:36] user ana_costa@test.com logged in from ::1
[2021-07-13 13:41:39] user ana_costa@test.com logged in from ::1
[2021-07-13 13:53:29] user ana_costa@test.com logged in from ::1
[2021-07-13 14:14:28] user ana_costa@test.com logged in from ::1
[2021-07-13 15:45:14] user ana_costa@test.com logged in from ::1
[2021-07-14 13:15:03] user ana_costa@test.com logged in from ::1
[2021-07-14 13:19:12] user ana_costa@test.com logged in from ::1
[2021-07-14 21:59:14] user ana_costa@test.com logged in from ::1
[2021-07-14 22:37:04] user ana_costa@test.com logged in from ::1
[2021-07-15 10:10:49] user ana_costa@test.com logged in from ::1
[2021-07-15 17:57:32] user ana_costa@test.com logged in from ::1
[2021-07-16 11:08:52] user ana_costa@test.com logged in from ::1
[2021-07-16 13:17:01] user ana_costa@test.com logged in from ::1
[2021-07-16 13:45:12] user ana_costa@test.com logged in from ::1
[2021-07-16 13:50:15] user ana_costa@test.com logged in from ::1
[2021-07-16 16:55:29] user ana_costa@teste.com fail logged in from ::1
[2021-07-16 16:55:35] user ana_costa@test.com logged in from ::1
[2021-07-19 19:30:59] user ana_costa@test.com logged in from ::1
[2021-07-20 09:35:43] user ana_costa@test.com logged in from ::1
[2021-07-21 16:15:24] user ana_costa@test.com logged in from ::1
[2021-07-22 13:12:58] user ana_costa@test.com logged in from ::1
[2021-07-23 07:59:35] user ana_costa@test.com fail logged in from ::1
[2021-07-23 07:59:43] user ana_costa@test.com logged in from ::1
[2021-07-23 08:26:16] user ana_costa@test.com logged in from ::1
[2021-07-23 21:29:21] user ana_costa@test.com logged in from ::1
[2021-07-24 11:46:13] user ana_costa@test.com logged in from ::1
[2021-07-24 12:11:53] user ana_costa@test.com logged in from ::1
[2021-07-24 12:11:57] user  logged out from ::1
[2021-07-24 12:16:41] user ana_costa@test.com logged in from ::1
[2021-07-24 12:21:15] user ana_costa@test.com logged in from ::1
[2021-07-24 12:21:19] user  logged out from ::1
[2021-07-24 12:24:13] user ana_costa@test.com logged in from ::1
[2021-07-24 12:24:16] user  logged out from ::1
[2021-07-24 12:28:00] user ana_costa@test.com logged in from ::1
[2021-07-24 12:29:34] user ana_costa@test.com logged in from ::1
[2021-07-24 12:44:50] user ana_costa@test.com logged in from ::1
[2021-07-24 12:50:24] user ana_costa@test.com logged in from ::1
[2021-07-24 13:23:55] user ana_costa@test.com logged in from ::1
[2021-07-24 13:26:45] user ana_costa@test.com logged in from ::1
[2021-07-24 13:28:27] user ana_costa@test.com logged in from ::1
[2021-07-24 13:28:56] user ana_costa@test.com logged in from ::1
[2021-07-24 13:29:06] user ana_costa@test.com logged in from ::1
[2021-07-24 13:29:07] user ana_costa@test.com logged in from ::1
[2021-07-24 13:30:41] user ana_costa@test.com logged in from ::1
[2021-07-24 13:32:38] user ana_costa@test.com logged in from ::1
[2021-07-24 13:44:30] user ana_costa@test.com logged in from ::1
[2021-07-24 14:48:17] user ana_costa@test.com logged in from ::1
[2021-07-24 15:06:16] user ana_costa@test.com logged in from ::1
[2021-07-24 16:23:15] user ana_costa@test.com logged in from ::1
[2021-07-24 16:24:47] user ana_costa@test.com logged in from ::1
[2021-07-24 16:28:56] user ana_costa@test.com logged in from ::1
[2021-07-24 16:47:49] user ana_costa@test.com logged in from ::1
[2021-07-24 16:52:24] user ana_costa@test.com logged in from ::1
[2021-07-24 18:14:56] user ana_costa@test.com logged in from ::1
[2021-07-24 18:24:46] user ana_costa@test.com logged in from ::1
[2021-07-24 22:44:43] user ana_costa@test.com logged in from ::1
[2021-07-25 01:19:00] user ana_costa@test.com logged in from ::1
[2021-07-25 01:35:57] user ana_costa@test.com logged in from ::1
[2021-07-25 01:42:47] user ana_costa@test.com logged in from ::1
[2021-07-25 02:12:15] user ana_costa@test.com logged in from ::1
[2021-07-25 02:20:03] user ana_costa@test.com logged in from ::1
[2021-07-25 02:31:00] user ana_costa@teste.com fail logged in from ::1
[2021-07-25 02:31:11] user ana_costa@test.com logged in from ::1
[2021-07-25 02:42:08] user ana_costa@test.com logged in from ::1
[2021-07-25 02:44:55] user ana_costa@test.com logged in from ::1
[2021-07-25 03:15:54] user ana_costa@test.com logged in from ::1
[2021-07-25 03:19:13] user ana_costa@test.com logged in from ::1
[2021-07-25 03:26:04] user ana_costa@test.com logged in from ::1
[2021-07-25 03:28:18] user ana_costa@test.com logged in from ::1
[2021-07-25 03:30:50] user ana_costa@test.com logged in from ::1
[2021-07-25 03:38:30] user ana_costa@test.com logged in from ::1
[2021-07-25 03:42:01] user ana_costa@test.com logged in from ::1
[2021-07-25 03:42:46] user ana_costa@test.com logged in from ::1
[2021-07-25 03:58:37] user ana_costa@test.com logged in from ::1
[2021-07-25 04:13:46] user ana_costa@test.com logged in from ::1
[2021-07-25 04:28:34] user ana_costa@test.com fail logged in from ::1
[2021-07-25 04:28:41] user ana_costa@test.com logged in from ::1
[2021-07-25 04:31:29] user ana_costa@test.com logged in from ::1
[2021-07-25 04:32:34] user ana_costa@test.com logged in from ::1
[2021-07-25 04:44:55] user ana_costa@test.com logged in from ::1
[2021-07-25 04:51:43] user ana_costa@test.com logged in from ::1
[2021-07-25 07:54:44] user ana_costa@test.com logged in from ::1
[2021-07-25 07:56:15] user ana_costa@test.com logged in from ::1
[2021-07-25 08:47:49] user ana_costa@test.com logged in from ::1
[2021-07-25 09:42:12] user carol_@test.com logged in from ::1
[2021-07-25 09:43:50] user carol_@test.com logged in from ::1
[2021-07-25 09:46:50] user carol_@test.com logged in from ::1
[2021-07-25 09:52:39] user carol_@test.com logged in from ::1
[2021-07-25 09:54:28] user carol_@test.com logged in from ::1
[2021-07-25 09:57:53] user ana_costa@test.com logged in from ::1
[2021-07-25 10:12:09] user ana_costa@test.com logged in from ::1
[2021-07-25 10:14:28] user ana_costa@test.com logged in from ::1
[2021-07-25 10:20:36] user carol@test.com fail logged in from ::1
[2021-07-25 10:20:42] user carol_@test.com logged in from ::1
[2021-07-25 10:26:20] user carol_@test.com logged in from ::1
[2021-07-25 10:32:22] user ana_costa@test.com logged in from ::1
[2021-07-25 10:40:08] user ana_costa@test.com logged in from ::1
[2021-07-25 11:21:29] user ana_costa@test.com logged in from ::1
[2021-07-25 11:33:24] user ana_costa@test.com logged in from ::1
[2021-07-25 11:36:27] user carol_@test.com logged in from ::1
[2021-07-25 12:14:33] user carol_@test.com logged in from ::1
[2021-07-25 14:05:50] user carol_@test.com logged in from ::1
[2021-07-25 14:12:50] user carol_@test.com logged in from ::1
